<?xml version="1.0" encoding="UTF-8"?>
<testng-results ignored="0" total="1" passed="1" failed="0" skipped="0">
  <reporter-output>
  </reporter-output>
  <suite started-at="2019-07-30T16:10:55 CEST" name="All Test Suite" finished-at="2019-07-30T16:11:11 CEST" duration-ms="16072">
    <groups>
    </groups>
    <test started-at="2019-07-30T16:10:55 CEST" name="Artlebedev Search" finished-at="2019-07-30T16:11:11 CEST" duration-ms="16072">
      <class name="artlebedevtests.ArtlebedevSearchTest">
        <test-method signature="performSearchAndCheckResultsArePresent()[pri:0, instance:artlebedevtests.ArtlebedevSearchTest@5158b42f]" started-at="2019-07-30T16:10:55 CEST" name="performSearchAndCheckResultsArePresent" finished-at="2019-07-30T16:11:11 CEST" duration-ms="16013" status="PASS">
          <reporter-output>
          </reporter-output>
        </test-method> <!-- performSearchAndCheckResultsArePresent -->
      </class> <!-- artlebedevtests.ArtlebedevSearchTest -->
    </test> <!-- Artlebedev Search -->
  </suite> <!-- All Test Suite -->
</testng-results>
